app/build/intermediates/manifest_merge_blame_file/debug/manifest-merger-blame-debug-report.txt
1<?xml version="1.0" encoding="utf-8"?>
2<manifest xmlns:android="http://schemas.android.com/apk/res/android"
3    package="com.android.launcher"
4    android:versionCode="99999"
5    android:versionName="1.0.99999" >
6
7    <uses-sdk
8        android:minSdkVersion="16"
8-->src\main\AndroidManifest.xml
9        android:targetSdkVersion="29" />
9-->src\main\AndroidManifest.xml
10
11    <uses-permission android:name="android.permission.BIND_APPWIDGET" />
11-->src\main\AndroidManifest.xml:6:5-108
11-->src\main\AndroidManifest.xml:6:22-70
12
13    <application
13-->src\main\AndroidManifest.xml:8:5-88:19
14        android:name="com.android.launcher.LauncherApplication"
14-->src\main\AndroidManifest.xml:9:9-64
15        android:allowBackup="true"
15-->src\main\AndroidManifest.xml:10:9-35
16        android:appComponentFactory="androidx.core.app.CoreComponentFactory"
16-->[androidx.core:core:1.3.1] AndroidManifest.xml:24:18-86
17        android:debuggable="true"
18        android:hardwareAccelerated="true"
18-->src\main\AndroidManifest.xml:11:9-43
19        android:icon="@mipmap/ic_launcher_home"
19-->src\main\AndroidManifest.xml:12:9-48
20        android:installLocation="internalOnly"
20-->src\main\AndroidManifest.xml:16:9-47
21        android:label="@string/application_name"
21-->src\main\AndroidManifest.xml:13:9-49
22        android:largeHeap="@bool/config_largeHeap"
22-->src\main\AndroidManifest.xml:14:9-51
23        android:restoreAnyVersion="true"
23-->src\main\AndroidManifest.xml:15:9-41
24        android:testOnly="true" >
25        <activity
25-->src\main\AndroidManifest.xml:19:9-34:20
26            android:name="com.android.launcher.Launcher"
26-->src\main\AndroidManifest.xml:20:13-57
27            android:clearTaskOnLaunch="true"
27-->src\main\AndroidManifest.xml:22:13-45
28            android:enabled="true"
28-->src\main\AndroidManifest.xml:27:13-35
29            android:launchMode="singleTask"
29-->src\main\AndroidManifest.xml:21:13-44
30            android:screenOrientation="locked"
30-->src\main\AndroidManifest.xml:26:13-47
31            android:stateNotNeeded="true"
31-->src\main\AndroidManifest.xml:23:13-42
32            android:theme="@android:style/Theme.Wallpaper.NoTitleBar.Fullscreen"
32-->src\main\AndroidManifest.xml:24:13-81
33            android:windowSoftInputMode="adjustPan" >
33-->src\main\AndroidManifest.xml:25:13-52
34            <intent-filter>
34-->src\main\AndroidManifest.xml:28:13-33:29
35                <action android:name="android.intent.action.MAIN" />
35-->src\main\AndroidManifest.xml:29:17-69
35-->src\main\AndroidManifest.xml:29:25-66
36
37                <category android:name="android.intent.category.LAUNCHER" />
37-->src\main\AndroidManifest.xml:30:17-77
37-->src\main\AndroidManifest.xml:30:27-74
38                <category android:name="android.intent.category.HOME" />
38-->src\main\AndroidManifest.xml:31:17-73
38-->src\main\AndroidManifest.xml:31:27-70
39                <category android:name="android.intent.category.DEFAULT" />
39-->src\main\AndroidManifest.xml:32:17-76
39-->src\main\AndroidManifest.xml:32:27-73
40            </intent-filter>
41        </activity>
42        <activity
42-->src\main\AndroidManifest.xml:36:9-45:20
43            android:name="com.android.launcher.SettingsActivity"
43-->src\main\AndroidManifest.xml:37:13-65
44            android:enabled="true"
44-->src\main\AndroidManifest.xml:40:13-35
45            android:label="@string/launcher_settings"
45-->src\main\AndroidManifest.xml:38:13-54
46            android:theme="@android:style/Theme.DeviceDefault" >
46-->src\main\AndroidManifest.xml:39:13-63
47            <intent-filter>
47-->src\main\AndroidManifest.xml:41:13-44:29
48                <action android:name=".SettingsActivity" />
48-->src\main\AndroidManifest.xml:42:17-60
48-->src\main\AndroidManifest.xml:42:25-57
49
50                <category android:name="android.intent.category.PREFERENCE" />
50-->src\main\AndroidManifest.xml:43:17-79
50-->src\main\AndroidManifest.xml:43:27-76
51            </intent-filter>
52        </activity>
53        <activity
53-->src\main\AndroidManifest.xml:47:9-56:20
54            android:name="com.android.launcher.SearchAppsActivity"
54-->src\main\AndroidManifest.xml:48:13-67
55            android:clearTaskOnLaunch="true"
55-->src\main\AndroidManifest.xml:51:13-45
56            android:enabled="true"
56-->src\main\AndroidManifest.xml:55:13-35
57            android:launchMode="singleTask"
57-->src\main\AndroidManifest.xml:50:13-44
58            android:screenOrientation="locked"
58-->src\main\AndroidManifest.xml:52:13-47
59            android:stateNotNeeded="true"
59-->src\main\AndroidManifest.xml:53:13-42
60            android:theme="@style/noAnimTheme"
60-->src\main\AndroidManifest.xml:54:13-47
61            android:windowSoftInputMode="stateVisible|adjustResize" >
61-->src\main\AndroidManifest.xml:49:13-68
62        </activity>
63
64        <!-- Intent received used to initialize a restored widget -->
65        <receiver android:name="com.android.launcher.AppWidgetsRestoredReceiver" >
65-->src\main\AndroidManifest.xml:59:9-63:20
65-->src\main\AndroidManifest.xml:59:19-81
66            <intent-filter>
66-->src\main\AndroidManifest.xml:60:13-62:29
67                <action android:name="android.appwidget.action.APPWIDGET_HOST_RESTORED" />
67-->src\main\AndroidManifest.xml:61:17-90
67-->src\main\AndroidManifest.xml:61:25-88
68            </intent-filter>
69        </receiver>
70        <receiver android:name="com.android.launcher.PackageChangedReceiver" >
70-->src\main\AndroidManifest.xml:65:9-72:20
70-->src\main\AndroidManifest.xml:65:19-77
71            <intent-filter>
71-->src\main\AndroidManifest.xml:66:13-71:29
72                <action android:name="android.intent.action.PACKAGE_CHANGED" />
72-->src\main\AndroidManifest.xml:67:17-79
72-->src\main\AndroidManifest.xml:67:25-77
73                <action android:name="android.intent.action.PACKAGE_REPLACED" />
73-->src\main\AndroidManifest.xml:68:17-80
73-->src\main\AndroidManifest.xml:68:25-78
74                <action android:name="android.intent.action.PACKAGE_REMOVED" />
74-->src\main\AndroidManifest.xml:69:17-79
74-->src\main\AndroidManifest.xml:69:25-77
75
76                <data android:scheme="package" />
76-->src\main\AndroidManifest.xml:70:17-49
76-->src\main\AndroidManifest.xml:70:23-47
77            </intent-filter>
78        </receiver>
79        <receiver
79-->src\main\AndroidManifest.xml:74:9-81:20
80            android:name="com.android.launcher.SearchAppsWidgetProvider"
80-->src\main\AndroidManifest.xml:74:19-79
81            android:label="Launcher Search Widget" >
81-->src\main\AndroidManifest.xml:75:13-51
82            <intent-filter>
82-->src\main\AndroidManifest.xml:76:13-78:29
83                <action android:name="android.appwidget.action.APPWIDGET_UPDATE" />
83-->src\main\AndroidManifest.xml:77:17-84
83-->src\main\AndroidManifest.xml:77:25-81
84            </intent-filter>
85
86            <meta-data
86-->src\main\AndroidManifest.xml:79:13-80:78
87                android:name="android.appwidget.provider"
87-->src\main\AndroidManifest.xml:79:24-65
88                android:resource="@xml/search_apps_widget_provider" />
88-->src\main\AndroidManifest.xml:80:24-75
89        </receiver>
90
91        <!-- The settings provider contains Home's data, like the workspace favorites -->
92        <provider
92-->src\main\AndroidManifest.xml:84:9-87:40
93            android:name="com.android.launcher.LauncherProvider"
93-->src\main\AndroidManifest.xml:85:13-65
94            android:authorities="com.android.launcher.settings"
94-->src\main\AndroidManifest.xml:86:13-64
95            android:exported="false" />
95-->src\main\AndroidManifest.xml:87:13-37
96        <provider
96-->[androidx.lifecycle:lifecycle-process:2.2.0] AndroidManifest.xml:25:9-29:43
97            android:name="androidx.lifecycle.ProcessLifecycleOwnerInitializer"
97-->[androidx.lifecycle:lifecycle-process:2.2.0] AndroidManifest.xml:26:13-79
98            android:authorities="com.android.launcher.lifecycle-process"
98-->[androidx.lifecycle:lifecycle-process:2.2.0] AndroidManifest.xml:27:13-69
99            android:exported="false"
99-->[androidx.lifecycle:lifecycle-process:2.2.0] AndroidManifest.xml:28:13-37
100            android:multiprocess="true" />
100-->[androidx.lifecycle:lifecycle-process:2.2.0] AndroidManifest.xml:29:13-40
101    </application>
102
103</manifest>